<?xml version="1.0" encoding="UTF-8" ?>
<testsuite tests="19" failures="2" name="TestSuite" time="393.887" errors="0" skipped="5">
  <properties>
    <property name="java.runtime.name" value="Java(TM) SE Runtime Environment"/>
    <property name="java.vm.version" value="16.0.1+9-24"/>
    <property name="sun.boot.library.path" value="/Library/Java/JavaVirtualMachines/jdk-16.0.1.jdk/Contents/Home/lib"/>
    <property name="maven.multiModuleProjectDirectory" value="/Users/amodpathirana/UCSC/4th YR/1_sem/IS4102/ASQA-actiPLAN-/PageObjectModel_Demo-main"/>
    <property name="java.vm.vendor" value="Oracle Corporation"/>
    <property name="java.vendor.url" value="https://java.oracle.com/"/>
    <property name="guice.disable.misplaced.annotation.check" value="true"/>
    <property name="path.separator" value=":"/>
    <property name="java.vm.name" value="Java HotSpot(TM) 64-Bit Server VM"/>
    <property name="user.country" value="LK"/>
    <property name="sun.java.launcher" value="SUN_STANDARD"/>
    <property name="java.vm.specification.name" value="Java Virtual Machine Specification"/>
    <property name="user.dir" value="/Users/amodpathirana/UCSC/4th YR/1_sem/IS4102/ASQA-actiPLAN-/PageObjectModel_Demo-main"/>
    <property name="java.vm.compressedOopsMode" value="Zero based"/>
    <property name="java.runtime.version" value="16.0.1+9-24"/>
    <property name="os.arch" value="x86_64"/>
    <property name="java.io.tmpdir" value="/var/folders/gw/59d_3_md4pz0_dn5bhy5b8cc0000gn/T/"/>
    <property name="line.separator" value="
"/>
    <property name="java.vm.specification.vendor" value="Oracle Corporation"/>
    <property name="os.name" value="Mac OS X"/>
    <property name="classworlds.conf" value="/Users/amodpathirana/eclipse-workspace/.metadata/.plugins/org.eclipse.m2e.launching/launches/m2conf15305057390431865017.tmp"/>
    <property name="sun.jnu.encoding" value="UTF-8"/>
    <property name="java.library.path" value="/Users/amodpathirana/Library/Java/Extensions:/Library/Java/Extensions:/Network/Library/Java/Extensions:/System/Library/Java/Extensions:/usr/lib/java:."/>
    <property name="jdk.debug" value="release"/>
    <property name="java.class.version" value="60.0"/>
    <property name="java.specification.name" value="Java Platform API Specification"/>
    <property name="sun.management.compiler" value="HotSpot 64-Bit Tiered Compilers"/>
    <property name="os.version" value="11.5"/>
    <property name="http.nonProxyHosts" value="local|*.local|169.254/16|*.169.254/16"/>
    <property name="user.home" value="/Users/amodpathirana"/>
    <property name="user.timezone" value="Asia/Colombo"/>
    <property name="file.encoding" value="UTF-8"/>
    <property name="java.specification.version" value="16"/>
    <property name="user.name" value="amodpathirana"/>
    <property name="java.class.path" value="/Users/amodpathirana/.p2/pool/plugins/org.eclipse.m2e.maven.runtime_1.16.0.20210129-0849/jars/plexus-classworlds-2.6.0.jar"/>
    <property name="java.vm.specification.version" value="16"/>
    <property name="sun.arch.data.model" value="64"/>
    <property name="sun.java.command" value="org.codehaus.plexus.classworlds.launcher.Launcher -B install"/>
    <property name="java.home" value="/Library/Java/JavaVirtualMachines/jdk-16.0.1.jdk/Contents/Home"/>
    <property name="user.language" value="en"/>
    <property name="java.specification.vendor" value="Oracle Corporation"/>
    <property name="java.vm.info" value="mixed mode, sharing"/>
    <property name="java.version" value="16.0.1"/>
    <property name="java.vendor" value="Oracle Corporation"/>
    <property name="maven.home" value="/Users/amodpathirana/UCSC/4th YR/1_sem/IS4102/ASQA-actiPLAN-/PageObjectModel_Demo-main/EMBEDDED"/>
    <property name="file.separator" value="/"/>
    <property name="java.version.date" value="2021-04-20"/>
    <property name="java.vendor.url.bug" value="https://bugreport.java.com/bugreport/"/>
    <property name="sun.io.unicode.encoding" value="UnicodeBig"/>
    <property name="sun.cpu.endian" value="little"/>
    <property name="socksNonProxyHosts" value="local|*.local|169.254/16|*.169.254/16"/>
    <property name="ftp.nonProxyHosts" value="local|*.local|169.254/16|*.169.254/16"/>
  </properties>
  <testcase classname="com.actitime.qa.testcases.ViewUsersTest" name="viewUsersTable" time="0.898"/>
  <testcase classname="com.actitime.qa.testcases.TimeTrackTest" name="viewTimeTrackTest" time="24.254"/>
  <testcase classname="com.actitime.qa.testcases.LogonPageTest" name="loginPageLogoTest" time="1.205"/>
  <testcase classname="com.actitime.qa.testcases.HomePageTest" name="homePageLogoTest" time="6.784"/>
  <testcase classname="com.actitime.qa.testcases.ViewUsersTest" name="changeStatus" time="2.786">
    <failure message="element click intercepted: Element &lt;span class=&quot;accountTab-accountStateText-span&quot;&gt;...&lt;/span&gt; is not clickable at point (1172, 317). Other element would receive the click: &lt;div class=&quot;loadingMoire welcomeScreenLoadingMoire&quot; style=&quot;display: flex;&quot;&gt;...&lt;/div&gt;
  (Session info: chrome=105.0.5195.125)
Build info: version: &apos;3.141.59&apos;, revision: &apos;e82be7d358&apos;, time: &apos;2018-11-14T08:17:03&apos;
System info: host: &apos;Amods-MacBook-Pro.local&apos;, ip: &apos;2402:4000:2380:ffdb:4892:eb9c:e658:ab07%en0&apos;, os.name: &apos;Mac OS X&apos;, os.arch: &apos;x86_64&apos;, os.version: &apos;11.5&apos;, java.version: &apos;16.0.1&apos;
Driver info: org.openqa.selenium.chrome.ChromeDriver
Capabilities {acceptInsecureCerts: false, browserName: chrome, browserVersion: 105.0.5195.125, chrome: {chromedriverVersion: 105.0.5195.52 (412c95e51883..., userDataDir: /var/folders/gw/59d_3_md4pz...}, goog:chromeOptions: {debuggerAddress: localhost:65097}, javascriptEnabled: true, networkConnectionEnabled: false, pageLoadStrategy: normal, platform: MAC, platformName: MAC, proxy: Proxy(), setWindowRect: true, strictFileInteractability: false, timeouts: {implicit: 0, pageLoad: 300000, script: 30000}, unhandledPromptBehavior: dismiss and notify, webauthn:extension:credBlob: true, webauthn:extension:largeBlob: true, webauthn:virtualAuthenticators: true}
Session ID: 299fdb7ae6821214d07bf4c09fbeb55e" type="org.openqa.selenium.ElementClickInterceptedException">org.openqa.selenium.ElementClickInterceptedException: element click intercepted: Element &lt;span class=&quot;accountTab-accountStateText-span&quot;&gt;...&lt;/span&gt; is not clickable at point (1172, 317). Other element would receive the click: &lt;div class=&quot;loadingMoire welcomeScreenLoadingMoire&quot; style=&quot;display: flex;&quot;&gt;...&lt;/div&gt;
  (Session info: chrome=105.0.5195.125)
Build info: version: &apos;3.141.59&apos;, revision: &apos;e82be7d358&apos;, time: &apos;2018-11-14T08:17:03&apos;
System info: host: &apos;Amods-MacBook-Pro.local&apos;, ip: &apos;2402:4000:2380:ffdb:4892:eb9c:e658:ab07%en0&apos;, os.name: &apos;Mac OS X&apos;, os.arch: &apos;x86_64&apos;, os.version: &apos;11.5&apos;, java.version: &apos;16.0.1&apos;
Driver info: org.openqa.selenium.chrome.ChromeDriver
Capabilities {acceptInsecureCerts: false, browserName: chrome, browserVersion: 105.0.5195.125, chrome: {chromedriverVersion: 105.0.5195.52 (412c95e51883..., userDataDir: /var/folders/gw/59d_3_md4pz...}, goog:chromeOptions: {debuggerAddress: localhost:65097}, javascriptEnabled: true, networkConnectionEnabled: false, pageLoadStrategy: normal, platform: MAC, platformName: MAC, proxy: Proxy(), setWindowRect: true, strictFileInteractability: false, timeouts: {implicit: 0, pageLoad: 300000, script: 30000}, unhandledPromptBehavior: dismiss and notify, webauthn:extension:credBlob: true, webauthn:extension:largeBlob: true, webauthn:virtualAuthenticators: true}
Session ID: 299fdb7ae6821214d07bf4c09fbeb55e
	at java.base/jdk.internal.reflect.NativeConstructorAccessorImpl.newInstance0(Native Method)
	at java.base/jdk.internal.reflect.NativeConstructorAccessorImpl.newInstance(NativeConstructorAccessorImpl.java:78)
	at java.base/jdk.internal.reflect.DelegatingConstructorAccessorImpl.newInstance(DelegatingConstructorAccessorImpl.java:45)
	at java.base/java.lang.reflect.Constructor.newInstanceWithCaller(Constructor.java:499)
	at java.base/java.lang.reflect.Constructor.newInstance(Constructor.java:480)
	at org.openqa.selenium.remote.http.W3CHttpResponseCodec.createException(W3CHttpResponseCodec.java:187)
	at org.openqa.selenium.remote.http.W3CHttpResponseCodec.decode(W3CHttpResponseCodec.java:122)
	at org.openqa.selenium.remote.http.W3CHttpResponseCodec.decode(W3CHttpResponseCodec.java:49)
	at org.openqa.selenium.remote.HttpCommandExecutor.execute(HttpCommandExecutor.java:158)
	at org.openqa.selenium.remote.service.DriverCommandExecutor.execute(DriverCommandExecutor.java:83)
	at org.openqa.selenium.remote.RemoteWebDriver.execute(RemoteWebDriver.java:552)
	at org.openqa.selenium.remote.RemoteWebElement.execute(RemoteWebElement.java:285)
	at org.openqa.selenium.remote.RemoteWebElement.click(RemoteWebElement.java:84)
	at jdk.internal.reflect.GeneratedMethodAccessor7.invoke(Unknown Source)
	at java.base/jdk.internal.reflect.DelegatingMethodAccessorImpl.invoke(DelegatingMethodAccessorImpl.java:43)
	at java.base/java.lang.reflect.Method.invoke(Method.java:567)
	at org.openqa.selenium.support.events.EventFiringWebDriver$EventFiringWebElement.lambda$new$0(EventFiringWebDriver.java:404)
	at jdk.proxy2/jdk.proxy2.$Proxy14.click(Unknown Source)
	at org.openqa.selenium.support.events.EventFiringWebDriver$EventFiringWebElement.click(EventFiringWebDriver.java:417)
	at jdk.internal.reflect.GeneratedMethodAccessor7.invoke(Unknown Source)
	at java.base/jdk.internal.reflect.DelegatingMethodAccessorImpl.invoke(DelegatingMethodAccessorImpl.java:43)
	at java.base/java.lang.reflect.Method.invoke(Method.java:567)
	at org.openqa.selenium.support.pagefactory.internal.LocatingElementHandler.invoke(LocatingElementHandler.java:51)
	at jdk.proxy2/jdk.proxy2.$Proxy13.click(Unknown Source)
	at com.actitime.qa.pages.UsersPage.changeStatus(UsersPage.java:56)
	at com.actitime.qa.testcases.ViewUsersTest.changeStatus(ViewUsersTest.java:49)
</failure>
    <system-out>Before navigating to: &apos;https://demo.actitime.com/login.do&apos;
Navigated to:&apos;https://demo.actitime.com/login.do&apos;
Trying to find Element By : By.xpath: //input[@name=&apos;username&apos;]
Found Element By : By.xpath: //input[@name=&apos;username&apos;]
Trying to find Element By : By.xpath: //input[@type=&apos;password&apos;and @name=&apos;pwd&apos;]
Found Element By : By.xpath: //input[@type=&apos;password&apos;and @name=&apos;pwd&apos;]
Trying to find Element By : By.xpath: //a[@id=&apos;loginButton&apos;]
Found Element By : By.xpath: //a[@id=&apos;loginButton&apos;]
Trying to click on: [[ChromeDriver: chrome on MAC (299fdb7ae6821214d07bf4c09fbeb55e)] -&gt; xpath: //a[@id=&apos;loginButton&apos;]]
Clicked on: [[ChromeDriver: chrome on MAC (299fdb7ae6821214d07bf4c09fbeb55e)] -&gt; xpath: //a[@id=&apos;loginButton&apos;]]
Trying to find Element By : By.xpath: //*[@id=&quot;topnav&quot;]/tbody/tr[1]/td[2]/div/a
Found Element By : By.xpath: //*[@id=&quot;topnav&quot;]/tbody/tr[1]/td[2]/div/a
Trying to click on: [[ChromeDriver: chrome on MAC (299fdb7ae6821214d07bf4c09fbeb55e)] -&gt; xpath: //*[@id=&quot;topnav&quot;]/tbody/tr[1]/td[2]/div/a]
Clicked on: [[ChromeDriver: chrome on MAC (299fdb7ae6821214d07bf4c09fbeb55e)] -&gt; xpath: //*[@id=&quot;topnav&quot;]/tbody/tr[1]/td[2]/div/a]
Trying to find Element By : By.xpath: //*[@id=&quot;topnav&quot;]/tbody/tr/td[6]/a
Found Element By : By.xpath: //*[@id=&quot;topnav&quot;]/tbody/tr/td[6]/a
Trying to click on: [[ChromeDriver: chrome on MAC (299fdb7ae6821214d07bf4c09fbeb55e)] -&gt; xpath: //*[@id=&quot;topnav&quot;]/tbody/tr/td[6]/a]
Clicked on: [[ChromeDriver: chrome on MAC (299fdb7ae6821214d07bf4c09fbeb55e)] -&gt; xpath: //*[@id=&quot;topnav&quot;]/tbody/tr/td[6]/a]
Trying to find Element By : By.xpath: //*[@id=&quot;userListTable&quot;]/tbody[1]/tr[1]/td[24]/span
Found Element By : By.xpath: //*[@id=&quot;userListTable&quot;]/tbody[1]/tr[1]/td[24]/span
Trying to find Element By : By.xpath: //*[@id=&quot;userListTable&quot;]/tbody[1]/tr[1]/td[24]/span
Found Element By : By.xpath: //*[@id=&quot;userListTable&quot;]/tbody[1]/tr[1]/td[24]/span
Trying to click on: [[ChromeDriver: chrome on MAC (299fdb7ae6821214d07bf4c09fbeb55e)] -&gt; xpath: //*[@id=&quot;userListTable&quot;]/tbody[1]/tr[1]/td[24]/span]
Exception occured: org.openqa.selenium.ElementClickInterceptedException: element click intercepted: Element &lt;span class=&quot;accountTab-accountStateText-span&quot;&gt;...&lt;/span&gt; is not clickable at point (1172, 317). Other element would receive the click: &lt;div class=&quot;loadingMoire welcomeScreenLoadingMoire&quot; style=&quot;display: flex;&quot;&gt;...&lt;/div&gt;
  (Session info: chrome=105.0.5195.125)
Build info: version: &apos;3.141.59&apos;, revision: &apos;e82be7d358&apos;, time: &apos;2018-11-14T08:17:03&apos;
System info: host: &apos;Amods-MacBook-Pro.local&apos;, ip: &apos;2402:4000:2380:ffdb:4892:eb9c:e658:ab07%en0&apos;, os.name: &apos;Mac OS X&apos;, os.arch: &apos;x86_64&apos;, os.version: &apos;11.5&apos;, java.version: &apos;16.0.1&apos;
Driver info: org.openqa.selenium.chrome.ChromeDriver
Capabilities {acceptInsecureCerts: false, browserName: chrome, browserVersion: 105.0.5195.125, chrome: {chromedriverVersion: 105.0.5195.52 (412c95e51883..., userDataDir: /var/folders/gw/59d_3_md4pz...}, goog:chromeOptions: {debuggerAddress: localhost:65097}, javascriptEnabled: true, networkConnectionEnabled: false, pageLoadStrategy: normal, platform: MAC, platformName: MAC, proxy: Proxy(), setWindowRect: true, strictFileInteractability: false, timeouts: {implicit: 0, pageLoad: 300000, script: 30000}, unhandledPromptBehavior: dismiss and notify, webauthn:extension:credBlob: true, webauthn:extension:largeBlob: true, webauthn:virtualAuthenticators: true}
Session ID: 299fdb7ae6821214d07bf4c09fbeb55e
</system-out>
    <system-err>Starting ChromeDriver 105.0.5195.52 (412c95e518836d8a7d97250d62b29c2ae6a26a85-refs/branch-heads/5195@{#853}) on port 44005
Only local connections are allowed.
Please see https://chromedriver.chromium.org/security-considerations for suggestions on keeping ChromeDriver safe.
ChromeDriver was started successfully.
Sep 22, 2022 10:04:00 AM org.openqa.selenium.remote.ProtocolHandshake createSession
INFO: Detected dialect: W3C
</system-err>
  </testcase>
  <testcase classname="com.actitime.qa.testcases.ViewUsersTest" name="seup" time="47.556">
    <failure message="element click intercepted: Element &lt;a href=&quot;/administration/userlist.do&quot; class=&quot;content employees&quot;&gt;...&lt;/a&gt; is not clickable at point (972, 35). Other element would receive the click: &lt;div id=&quot;welcomeScreenLightbox_content&quot; class=&quot;content&quot;&gt;...&lt;/div&gt;
  (Session info: chrome=105.0.5195.125)
Build info: version: &apos;3.141.59&apos;, revision: &apos;e82be7d358&apos;, time: &apos;2018-11-14T08:17:03&apos;
System info: host: &apos;Amods-MacBook-Pro.local&apos;, ip: &apos;2402:4000:2380:ffdb:4892:eb9c:e658:ab07%en0&apos;, os.name: &apos;Mac OS X&apos;, os.arch: &apos;x86_64&apos;, os.version: &apos;11.5&apos;, java.version: &apos;16.0.1&apos;
Driver info: org.openqa.selenium.chrome.ChromeDriver
Capabilities {acceptInsecureCerts: false, browserName: chrome, browserVersion: 105.0.5195.125, chrome: {chromedriverVersion: 105.0.5195.52 (412c95e51883..., userDataDir: /var/folders/gw/59d_3_md4pz...}, goog:chromeOptions: {debuggerAddress: localhost:65151}, javascriptEnabled: true, networkConnectionEnabled: false, pageLoadStrategy: normal, platform: MAC, platformName: MAC, proxy: Proxy(), setWindowRect: true, strictFileInteractability: false, timeouts: {implicit: 0, pageLoad: 300000, script: 30000}, unhandledPromptBehavior: dismiss and notify, webauthn:extension:credBlob: true, webauthn:extension:largeBlob: true, webauthn:virtualAuthenticators: true}
Session ID: 69acf420430b36ef85b21613fdf8bdae" type="org.openqa.selenium.ElementClickInterceptedException">org.openqa.selenium.ElementClickInterceptedException: element click intercepted: Element &lt;a href=&quot;/administration/userlist.do&quot; class=&quot;content employees&quot;&gt;...&lt;/a&gt; is not clickable at point (972, 35). Other element would receive the click: &lt;div id=&quot;welcomeScreenLightbox_content&quot; class=&quot;content&quot;&gt;...&lt;/div&gt;
  (Session info: chrome=105.0.5195.125)
Build info: version: &apos;3.141.59&apos;, revision: &apos;e82be7d358&apos;, time: &apos;2018-11-14T08:17:03&apos;
System info: host: &apos;Amods-MacBook-Pro.local&apos;, ip: &apos;2402:4000:2380:ffdb:4892:eb9c:e658:ab07%en0&apos;, os.name: &apos;Mac OS X&apos;, os.arch: &apos;x86_64&apos;, os.version: &apos;11.5&apos;, java.version: &apos;16.0.1&apos;
Driver info: org.openqa.selenium.chrome.ChromeDriver
Capabilities {acceptInsecureCerts: false, browserName: chrome, browserVersion: 105.0.5195.125, chrome: {chromedriverVersion: 105.0.5195.52 (412c95e51883..., userDataDir: /var/folders/gw/59d_3_md4pz...}, goog:chromeOptions: {debuggerAddress: localhost:65151}, javascriptEnabled: true, networkConnectionEnabled: false, pageLoadStrategy: normal, platform: MAC, platformName: MAC, proxy: Proxy(), setWindowRect: true, strictFileInteractability: false, timeouts: {implicit: 0, pageLoad: 300000, script: 30000}, unhandledPromptBehavior: dismiss and notify, webauthn:extension:credBlob: true, webauthn:extension:largeBlob: true, webauthn:virtualAuthenticators: true}
Session ID: 69acf420430b36ef85b21613fdf8bdae
	at java.base/jdk.internal.reflect.NativeConstructorAccessorImpl.newInstance0(Native Method)
	at java.base/jdk.internal.reflect.NativeConstructorAccessorImpl.newInstance(NativeConstructorAccessorImpl.java:78)
	at java.base/jdk.internal.reflect.DelegatingConstructorAccessorImpl.newInstance(DelegatingConstructorAccessorImpl.java:45)
	at java.base/java.lang.reflect.Constructor.newInstanceWithCaller(Constructor.java:499)
	at java.base/java.lang.reflect.Constructor.newInstance(Constructor.java:480)
	at org.openqa.selenium.remote.http.W3CHttpResponseCodec.createException(W3CHttpResponseCodec.java:187)
	at org.openqa.selenium.remote.http.W3CHttpResponseCodec.decode(W3CHttpResponseCodec.java:122)
	at org.openqa.selenium.remote.http.W3CHttpResponseCodec.decode(W3CHttpResponseCodec.java:49)
	at org.openqa.selenium.remote.HttpCommandExecutor.execute(HttpCommandExecutor.java:158)
	at org.openqa.selenium.remote.service.DriverCommandExecutor.execute(DriverCommandExecutor.java:83)
	at org.openqa.selenium.remote.RemoteWebDriver.execute(RemoteWebDriver.java:552)
	at org.openqa.selenium.remote.RemoteWebElement.execute(RemoteWebElement.java:285)
	at org.openqa.selenium.remote.RemoteWebElement.click(RemoteWebElement.java:84)
	at jdk.internal.reflect.GeneratedMethodAccessor7.invoke(Unknown Source)
	at java.base/jdk.internal.reflect.DelegatingMethodAccessorImpl.invoke(DelegatingMethodAccessorImpl.java:43)
	at java.base/java.lang.reflect.Method.invoke(Method.java:567)
	at org.openqa.selenium.support.events.EventFiringWebDriver$EventFiringWebElement.lambda$new$0(EventFiringWebDriver.java:404)
	at jdk.proxy2/jdk.proxy2.$Proxy14.click(Unknown Source)
	at org.openqa.selenium.support.events.EventFiringWebDriver$EventFiringWebElement.click(EventFiringWebDriver.java:417)
	at jdk.internal.reflect.GeneratedMethodAccessor7.invoke(Unknown Source)
	at java.base/jdk.internal.reflect.DelegatingMethodAccessorImpl.invoke(DelegatingMethodAccessorImpl.java:43)
	at java.base/java.lang.reflect.Method.invoke(Method.java:567)
	at org.openqa.selenium.support.pagefactory.internal.LocatingElementHandler.invoke(LocatingElementHandler.java:51)
	at jdk.proxy2/jdk.proxy2.$Proxy13.click(Unknown Source)
	at com.actitime.qa.pages.ActiPlanPage.clickOnUsersLink(ActiPlanPage.java:46)
	at com.actitime.qa.testcases.ViewUsersTest.seup(ViewUsersTest.java:32)
</failure>
    <system-out>Before navigating to: &apos;https://demo.actitime.com/login.do&apos;
Navigated to:&apos;https://demo.actitime.com/login.do&apos;
Trying to find Element By : By.xpath: //input[@name=&apos;username&apos;]
Found Element By : By.xpath: //input[@name=&apos;username&apos;]
Trying to find Element By : By.xpath: //input[@type=&apos;password&apos;and @name=&apos;pwd&apos;]
Found Element By : By.xpath: //input[@type=&apos;password&apos;and @name=&apos;pwd&apos;]
Trying to find Element By : By.xpath: //a[@id=&apos;loginButton&apos;]
Found Element By : By.xpath: //a[@id=&apos;loginButton&apos;]
Trying to click on: [[ChromeDriver: chrome on MAC (69acf420430b36ef85b21613fdf8bdae)] -&gt; xpath: //a[@id=&apos;loginButton&apos;]]
Clicked on: [[ChromeDriver: chrome on MAC (69acf420430b36ef85b21613fdf8bdae)] -&gt; xpath: //a[@id=&apos;loginButton&apos;]]
Trying to find Element By : By.xpath: //*[@id=&quot;topnav&quot;]/tbody/tr[1]/td[2]/div/a
Found Element By : By.xpath: //*[@id=&quot;topnav&quot;]/tbody/tr[1]/td[2]/div/a
Trying to click on: [[ChromeDriver: chrome on MAC (69acf420430b36ef85b21613fdf8bdae)] -&gt; xpath: //*[@id=&quot;topnav&quot;]/tbody/tr[1]/td[2]/div/a]
Clicked on: [[ChromeDriver: chrome on MAC (69acf420430b36ef85b21613fdf8bdae)] -&gt; xpath: //*[@id=&quot;topnav&quot;]/tbody/tr[1]/td[2]/div/a]
Trying to find Element By : By.xpath: //*[@id=&quot;topnav&quot;]/tbody/tr/td[6]/a
Found Element By : By.xpath: //*[@id=&quot;topnav&quot;]/tbody/tr/td[6]/a
Trying to click on: [[ChromeDriver: chrome on MAC (69acf420430b36ef85b21613fdf8bdae)] -&gt; xpath: //*[@id=&quot;topnav&quot;]/tbody/tr/td[6]/a]
Exception occured: org.openqa.selenium.ElementClickInterceptedException: element click intercepted: Element &lt;a href=&quot;/administration/userlist.do&quot; class=&quot;content employees&quot;&gt;...&lt;/a&gt; is not clickable at point (972, 35). Other element would receive the click: &lt;div id=&quot;welcomeScreenLightbox_content&quot; class=&quot;content&quot;&gt;...&lt;/div&gt;
  (Session info: chrome=105.0.5195.125)
Build info: version: &apos;3.141.59&apos;, revision: &apos;e82be7d358&apos;, time: &apos;2018-11-14T08:17:03&apos;
System info: host: &apos;Amods-MacBook-Pro.local&apos;, ip: &apos;2402:4000:2380:ffdb:4892:eb9c:e658:ab07%en0&apos;, os.name: &apos;Mac OS X&apos;, os.arch: &apos;x86_64&apos;, os.version: &apos;11.5&apos;, java.version: &apos;16.0.1&apos;
Driver info: org.openqa.selenium.chrome.ChromeDriver
Capabilities {acceptInsecureCerts: false, browserName: chrome, browserVersion: 105.0.5195.125, chrome: {chromedriverVersion: 105.0.5195.52 (412c95e51883..., userDataDir: /var/folders/gw/59d_3_md4pz...}, goog:chromeOptions: {debuggerAddress: localhost:65151}, javascriptEnabled: true, networkConnectionEnabled: false, pageLoadStrategy: normal, platform: MAC, platformName: MAC, proxy: Proxy(), setWindowRect: true, strictFileInteractability: false, timeouts: {implicit: 0, pageLoad: 300000, script: 30000}, unhandledPromptBehavior: dismiss and notify, webauthn:extension:credBlob: true, webauthn:extension:largeBlob: true, webauthn:virtualAuthenticators: true}
Session ID: 69acf420430b36ef85b21613fdf8bdae
</system-out>
    <system-err>Starting ChromeDriver 105.0.5195.52 (412c95e518836d8a7d97250d62b29c2ae6a26a85-refs/branch-heads/5195@{#853}) on port 1580
Only local connections are allowed.
Please see https://chromedriver.chromium.org/security-considerations for suggestions on keeping ChromeDriver safe.
ChromeDriver was started successfully.
Sep 22, 2022 10:04:58 AM org.openqa.selenium.remote.ProtocolHandshake createSession
INFO: Detected dialect: W3C
</system-err>
  </testcase>
  <testcase classname="com.actitime.qa.testcases.ViewUsersTest" name="changeApprovedAdmin" time="47.562">
    <skipped/>
  </testcase>
  <testcase classname="com.actitime.qa.testcases.ViewUsersTest" name="tearDown" time="47.564">
    <skipped/>
  </testcase>
  <testcase classname="com.actitime.qa.testcases.ViewUsersTest" name="seup" time="47.566">
    <skipped/>
  </testcase>
  <testcase classname="com.actitime.qa.testcases.ViewUsersTest" name="viewAccountInfo" time="47.566">
    <skipped/>
  </testcase>
  <testcase classname="com.actitime.qa.testcases.ViewUsersTest" name="tearDown" time="47.566">
    <skipped/>
  </testcase>
  <testcase classname="com.actitime.qa.testcases.TimeTrackTest" name="rejectTimeTrack" time="13.722"/>
  <testcase classname="com.actitime.qa.testcases.TimeTrackTest" name="approveTimeTrack" time="13.029"/>
  <testcase classname="com.actitime.qa.testcases.LogonPageTest" name="LoginTestInvalid" time="3.745"/>
  <testcase classname="com.actitime.qa.testcases.LogonPageTest" name="LoginTestInvalid" time="4.007"/>
  <testcase classname="com.actitime.qa.testcases.LogonPageTest" name="LoginTestInvalid" time="6.97"/>
  <testcase classname="com.actitime.qa.testcases.LogonPageTest" name="LoginTest" time="9.491"/>
  <testcase classname="com.actitime.qa.testcases.LogonPageTest" name="LoginTest" time="8.117"/>
  <testcase classname="com.actitime.qa.testcases.HomePageTest" name="homePageTaskLinkTest" time="13.499"/>
</testsuite>