<?xml version="1.0" encoding="UTF-8"?>
<!-- Generated by org.testng.reporters.JUnitReportReporter -->
<testsuite hostname="Methulis-Air" failures="0" tests="2" name="com.actitime.qa.testcases.HomePageTest" time="49.448" errors="0" timestamp="08 Sep 2021 03:13:05 GMT" skipped="0">
  <testcase classname="com.actitime.qa.testcases.HomePageTest" name="homePageLogoTest" time="24.784"/>
  <testcase classname="com.actitime.qa.testcases.HomePageTest" name="homePageTaskLinkTest" time="24.664"/>
</testsuite> <!-- com.actitime.qa.testcases.HomePageTest -->
