<?xml version="1.0" encoding="UTF-8"?>
<!-- Generated by org.testng.reporters.JUnitReportReporter -->
<testsuite hostname="Amods-MacBook-Pro.local" failures="0" tests="1" name="com.actitime.qa.testcases.ViewUsersTest" time="44.914" errors="0" timestamp="21 Sep 2022 20:56:12 GMT" skipped="0">
  <testcase classname="com.actitime.qa.testcases.ViewUsersTest" name="viewAccountInfo" time="44.914"/>
</testsuite> <!-- com.actitime.qa.testcases.ViewUsersTest -->
