<?xml version="1.0" encoding="UTF-8"?>
<!-- Generated by org.testng.reporters.JUnitReportReporter -->
<testsuite hostname="Amods-MacBook-Pro.local" failures="0" tests="6" name="com.actitime.qa.testcases.LogonPageTest" time="144.043" errors="0" timestamp="21 Sep 2022 19:22:03 GMT" skipped="0">
  <testcase classname="com.actitime.qa.testcases.LogonPageTest" name="loginPageLogoTest" time="14.816"/>
  <testcase classname="com.actitime.qa.testcases.LogonPageTest" name="LoginTest" time="34.535"/>
  <testcase classname="com.actitime.qa.testcases.LogonPageTest" name="LoginTest" time="36.344"/>
  <testcase classname="com.actitime.qa.testcases.LogonPageTest" name="LoginTestInvalid" time="19.562"/>
  <testcase classname="com.actitime.qa.testcases.LogonPageTest" name="LoginTestInvalid" time="21.301"/>
  <testcase classname="com.actitime.qa.testcases.LogonPageTest" name="LoginTestInvalid" time="17.485"/>
</testsuite> <!-- com.actitime.qa.testcases.LogonPageTest -->
