<?xml version="1.0" encoding="UTF-8"?>
<!-- Generated by org.testng.reporters.JUnitReportReporter -->
<testsuite hostname="Methulis-Air" failures="0" tests="3" name="com.actitime.qa.testcases.LogonPageTest" time="37.499" errors="0" timestamp="08 Sep 2021 03:13:05 GMT" skipped="0">
  <testcase classname="com.actitime.qa.testcases.LogonPageTest" name="loginPageLogoTest" time="11.270"/>
  <testcase classname="com.actitime.qa.testcases.LogonPageTest" name="LoginTest" time="13.824"/>
  <testcase classname="com.actitime.qa.testcases.LogonPageTest" name="LoginTest" time="12.405"/>
</testsuite> <!-- com.actitime.qa.testcases.LogonPageTest -->
