<?xml version="1.0" encoding="UTF-8"?>
<!-- Generated by org.testng.reporters.JUnitReportReporter -->
<testsuite hostname="Amods-MacBook-Pro.local" failures="0" tests="1" name="com.actitime.qa.testcases.ViewLeaves" time="48.433" errors="0" timestamp="21 Sep 2022 22:31:05 GMT" skipped="0">
  <testcase classname="com.actitime.qa.testcases.ViewLeaves" name="rejectLeaveRequest" time="48.433"/>
</testsuite> <!-- com.actitime.qa.testcases.ViewLeaves -->
