<?xml version="1.0" encoding="UTF-8"?>
<!-- Generated by org.testng.reporters.JUnitReportReporter -->
<testsuite hostname="Amods-MacBook-Pro.local" failures="0" tests="6" name="com.actitime.qa.testcases.LogonPageTest" time="167.708" errors="0" timestamp="25 Sep 2022 16:35:26 GMT" skipped="0">
  <testcase classname="com.actitime.qa.testcases.LogonPageTest" name="loginPageLogoTest" time="22.483"/>
  <testcase classname="com.actitime.qa.testcases.LogonPageTest" name="LoginTest" time="30.488"/>
  <testcase classname="com.actitime.qa.testcases.LogonPageTest" name="LoginTestInvalid" time="26.299"/>
  <testcase classname="com.actitime.qa.testcases.LogonPageTest" name="LoginTestInvalid" time="22.880"/>
  <testcase classname="com.actitime.qa.testcases.LogonPageTest" name="LoginTest" time="41.437"/>
  <testcase classname="com.actitime.qa.testcases.LogonPageTest" name="LoginTestInvalid" time="24.121"/>
</testsuite> <!-- com.actitime.qa.testcases.LogonPageTest -->
