<?xml version="1.0" encoding="UTF-8"?>
<!-- Generated by org.testng.reporters.JUnitReportReporter -->
<testsuite hostname="Amods-MacBook-Pro.local" failures="0" tests="3" name="com.actitime.qa.testcases.LogonPageTest" time="51.402" errors="0" timestamp="21 Sep 2022 03:49:30 GMT" skipped="0">
  <testcase classname="com.actitime.qa.testcases.LogonPageTest" name="loginPageLogoTest" time="17.988"/>
  <testcase classname="com.actitime.qa.testcases.LogonPageTest" name="LoginTest" time="17.587"/>
  <testcase classname="com.actitime.qa.testcases.LogonPageTest" name="LoginTest" time="15.827"/>
</testsuite> <!-- com.actitime.qa.testcases.LogonPageTest -->
