<?xml version="1.0" encoding="UTF-8"?>
<!-- Generated by org.testng.reporters.JUnitReportReporter -->
<testsuite hostname="Amods-MacBook-Pro.local" failures="0" tests="6" name="com.actitime.qa.testcases.LogonPageTest" time="125.256" errors="0" timestamp="22 Sep 2022 17:40:06 GMT" skipped="0">
  <testcase classname="com.actitime.qa.testcases.LogonPageTest" name="loginPageLogoTest" time="21.299"/>
  <testcase classname="com.actitime.qa.testcases.LogonPageTest" name="LoginTest" time="23.536"/>
  <testcase classname="com.actitime.qa.testcases.LogonPageTest" name="LoginTestInvalid" time="20.124"/>
  <testcase classname="com.actitime.qa.testcases.LogonPageTest" name="LoginTest" time="22.692"/>
  <testcase classname="com.actitime.qa.testcases.LogonPageTest" name="LoginTestInvalid" time="18.733"/>
  <testcase classname="com.actitime.qa.testcases.LogonPageTest" name="LoginTestInvalid" time="18.872"/>
</testsuite> <!-- com.actitime.qa.testcases.LogonPageTest -->
