<?xml version="1.0" encoding="UTF-8"?>
<!-- Generated by org.testng.reporters.JUnitReportReporter -->
<testsuite hostname="Amods-MacBook-Pro.local" failures="0" tests="2" name="com.actitime.qa.testcases.HomePageTest" time="56.187" errors="0" timestamp="21 Sep 2022 16:31:12 GMT" skipped="0">
  <testcase classname="com.actitime.qa.testcases.HomePageTest" name="homePageLogoTest" time="26.175"/>
  <testcase classname="com.actitime.qa.testcases.HomePageTest" name="homePageTaskLinkTest" time="30.012"/>
</testsuite> <!-- com.actitime.qa.testcases.HomePageTest -->
