<?xml version="1.0" encoding="UTF-8"?>
<!-- Generated by org.testng.reporters.JUnitReportReporter -->
<testsuite hostname="Amods-MacBook-Pro.local" failures="0" tests="2" name="com.actitime.qa.testcases.HomePageTest" time="51.065" errors="0" timestamp="22 Sep 2022 04:38:48 GMT" skipped="0">
  <testcase classname="com.actitime.qa.testcases.HomePageTest" name="homePageLogoTest" time="22.139"/>
  <testcase classname="com.actitime.qa.testcases.HomePageTest" name="homePageTaskLinkTest" time="28.926"/>
</testsuite> <!-- com.actitime.qa.testcases.HomePageTest -->
