<?xml version="1.0" encoding="UTF-8"?>
<!-- Generated by org.testng.reporters.JUnitReportReporter -->
<testsuite hostname="Amods-MacBook-Pro.local" failures="0" tests="2" name="com.actitime.qa.testcases.HomePageTest" time="88.065" errors="0" timestamp="25 Sep 2022 16:35:26 GMT" skipped="0">
  <testcase classname="com.actitime.qa.testcases.HomePageTest" name="homePageLogoTest" time="44.151"/>
  <testcase classname="com.actitime.qa.testcases.HomePageTest" name="homePageTaskLinkTest" time="43.914"/>
</testsuite> <!-- com.actitime.qa.testcases.HomePageTest -->
