<?xml version="1.0" encoding="UTF-8"?>
<!-- Generated by org.testng.reporters.JUnitReportReporter -->
<testsuite hostname="Amods-MacBook-Pro.local" failures="0" tests="6" name="com.actitime.qa.testcases.LogonPageTest" time="119.816" errors="0" timestamp="22 Sep 2022 06:41:15 GMT" skipped="0">
  <testcase classname="com.actitime.qa.testcases.LogonPageTest" name="loginPageLogoTest" time="14.322"/>
  <testcase classname="com.actitime.qa.testcases.LogonPageTest" name="LoginTestInvalid" time="15.808"/>
  <testcase classname="com.actitime.qa.testcases.LogonPageTest" name="LoginTest" time="23.773"/>
  <testcase classname="com.actitime.qa.testcases.LogonPageTest" name="LoginTest" time="25.737"/>
  <testcase classname="com.actitime.qa.testcases.LogonPageTest" name="LoginTestInvalid" time="19.038"/>
  <testcase classname="com.actitime.qa.testcases.LogonPageTest" name="LoginTestInvalid" time="21.138"/>
</testsuite> <!-- com.actitime.qa.testcases.LogonPageTest -->
