<?xml version="1.0" encoding="UTF-8"?>
<!-- Generated by org.testng.reporters.JUnitReportReporter -->
<testsuite hostname="Amods-MacBook-Pro.local" failures="0" tests="3" name="com.actitime.qa.testcases.LogonPageTest" time="53.623" errors="0" timestamp="21 Sep 2022 16:31:12 GMT" skipped="0">
  <testcase classname="com.actitime.qa.testcases.LogonPageTest" name="loginPageLogoTest" time="20.298"/>
  <testcase classname="com.actitime.qa.testcases.LogonPageTest" name="LoginTest" time="17.002"/>
  <testcase classname="com.actitime.qa.testcases.LogonPageTest" name="LoginTest" time="16.323"/>
</testsuite> <!-- com.actitime.qa.testcases.LogonPageTest -->
