<?xml version="1.0" encoding="UTF-8"?>
<!-- Generated by org.testng.reporters.JUnitReportReporter -->
<testsuite hostname="Amods-MacBook-Pro.local" failures="0" tests="3" name="com.actitime.qa.testcases.TimeTrackTest" time="132.118" errors="0" timestamp="25 Sep 2022 16:35:26 GMT" skipped="0">
  <testcase classname="com.actitime.qa.testcases.TimeTrackTest" name="viewTimeTrackTest" time="54.300"/>
  <testcase classname="com.actitime.qa.testcases.TimeTrackTest" name="approveTimeTrack" time="40.001"/>
  <testcase classname="com.actitime.qa.testcases.TimeTrackTest" name="rejectTimeTrack" time="37.817"/>
</testsuite> <!-- com.actitime.qa.testcases.TimeTrackTest -->
