<?xml version="1.0" encoding="UTF-8"?>
<!-- Generated by org.testng.reporters.JUnitReportReporter -->
<testsuite hostname="Amods-MacBook-Pro.local" failures="0" tests="4" name="com.actitime.qa.testcases.ViewUsersTest" time="361.930" errors="0" timestamp="22 Sep 2022 06:41:15 GMT" skipped="0">
  <testcase classname="com.actitime.qa.testcases.ViewUsersTest" name="viewUsersTable" time="88.356"/>
  <testcase classname="com.actitime.qa.testcases.ViewUsersTest" name="changeApprovedAdmin" time="95.892"/>
  <testcase classname="com.actitime.qa.testcases.ViewUsersTest" name="viewAccountInfo" time="87.769"/>
  <testcase classname="com.actitime.qa.testcases.ViewUsersTest" name="changeStatus" time="89.913"/>
</testsuite> <!-- com.actitime.qa.testcases.ViewUsersTest -->
