<?xml version="1.0" encoding="UTF-8"?>
<!-- Generated by org.testng.reporters.JUnitReportReporter -->
<testsuite hostname="Amods-MacBook-Pro.local" failures="0" tests="4" name="com.actitime.qa.testcases.ViewUsersTest" time="358.809" errors="0" timestamp="22 Sep 2022 17:40:06 GMT" skipped="0">
  <testcase classname="com.actitime.qa.testcases.ViewUsersTest" name="viewUsersTable" time="84.499"/>
  <testcase classname="com.actitime.qa.testcases.ViewUsersTest" name="changeApprovedAdmin" time="93.533"/>
  <testcase classname="com.actitime.qa.testcases.ViewUsersTest" name="viewAccountInfo" time="88.861"/>
  <testcase classname="com.actitime.qa.testcases.ViewUsersTest" name="changeStatus" time="91.916"/>
</testsuite> <!-- com.actitime.qa.testcases.ViewUsersTest -->
