<?xml version="1.0" encoding="UTF-8"?>
<!-- Generated by org.testng.reporters.JUnitReportReporter -->
<testsuite hostname="Amods-MacBook-Pro.local" failures="0" tests="6" name="com.actitime.qa.testcases.LogonPageTest" time="112.475" errors="0" timestamp="22 Sep 2022 04:38:48 GMT" skipped="0">
  <testcase classname="com.actitime.qa.testcases.LogonPageTest" name="loginPageLogoTest" time="14.948"/>
  <testcase classname="com.actitime.qa.testcases.LogonPageTest" name="LoginTestInvalid" time="15.394"/>
  <testcase classname="com.actitime.qa.testcases.LogonPageTest" name="LoginTestInvalid" time="20.429"/>
  <testcase classname="com.actitime.qa.testcases.LogonPageTest" name="LoginTestInvalid" time="17.636"/>
  <testcase classname="com.actitime.qa.testcases.LogonPageTest" name="LoginTest" time="23.662"/>
  <testcase classname="com.actitime.qa.testcases.LogonPageTest" name="LoginTest" time="20.406"/>
</testsuite> <!-- com.actitime.qa.testcases.LogonPageTest -->
