<?xml version="1.0" encoding="UTF-8"?>
<!-- Generated by org.testng.reporters.JUnitReportReporter -->
<testsuite hostname="Amods-MacBook-Pro.local" failures="0" tests="3" name="com.actitime.qa.testcases.TimeTrackTest" time="97.869" errors="0" timestamp="22 Sep 2022 04:38:48 GMT" skipped="0">
  <testcase classname="com.actitime.qa.testcases.TimeTrackTest" name="viewTimeTrackTest" time="39.534"/>
  <testcase classname="com.actitime.qa.testcases.TimeTrackTest" name="rejectTimeTrack" time="30.254"/>
  <testcase classname="com.actitime.qa.testcases.TimeTrackTest" name="approveTimeTrack" time="28.081"/>
</testsuite> <!-- com.actitime.qa.testcases.TimeTrackTest -->
